<?xml version="1.0" encoding="UTF-8"?>
<robot generator="Robot 7.3.2 (Python 3.9.6 on darwin)" generated="2026-04-07T21:51:39.859034" rpa="false" schemaversion="5">
<suite id="s1" name="Login Tests" source="/Users/victor/Documents/testes/testesWeb/robotFramework/bugbank-test/gui/tests/login_tests.robot">
<test id="s1-t1" name="Testes no Serverest" line="7">
<kw name="Abrir o navegador e acessar o site" owner="keywords">
<kw name="Open Browser" owner="SeleniumLibrary">
<msg time="2026-04-07T21:51:40.298929" level="INFO">Opening browser 'Chrome' to base url 'https://front.serverest.dev/login'.</msg>
<arg>${URL}</arg>
<arg>${BROWSER}</arg>
<doc>Opens a new browser instance to the optional ``url``.</doc>
<status status="PASS" start="2026-04-07T21:51:40.298567" elapsed="3.720126"/>
</kw>
<kw name="Maximize Browser Window" owner="SeleniumLibrary">
<doc>Maximizes current browser window.</doc>
<status status="PASS" start="2026-04-07T21:51:44.019671" elapsed="0.381081"/>
</kw>
<kw name="Wait Until Page Contains Element" owner="SeleniumLibrary">
<arg>xpath=//input[@data-testid="email"]</arg>
<arg>timeout=10s</arg>
<doc>Waits until the element ``locator`` appears on the current page.</doc>
<status status="PASS" start="2026-04-07T21:51:44.401030" elapsed="0.013989"/>
</kw>
<status status="PASS" start="2026-04-07T21:51:40.297468" elapsed="4.117766"/>
</kw>
<kw name="Fazer login com credenciais válidas" owner="keywords">
<kw name="Input Text" owner="SeleniumLibrary">
<msg time="2026-04-07T21:51:44.416439" level="INFO">Typing text 'victor.teste.user@gmail.com' into text field 'xpath=//input[@data-testid="email"]'.</msg>
<arg>xpath=//input[@data-testid="email"]</arg>
<arg>${VALID_USER}</arg>
<doc>Types the given ``text`` into the text field identified by ``locator``.</doc>
<status status="PASS" start="2026-04-07T21:51:44.416117" elapsed="0.184772"/>
</kw>
<kw name="Input Password" owner="SeleniumLibrary">
<msg time="2026-04-07T21:51:44.601664" level="INFO">Typing password into text field 'xpath=//input[@data-testid="senha"]'.</msg>
<msg time="2026-04-07T21:51:44.635372" level="INFO">Temporally setting log level to: NONE</msg>
<arg>xpath=//input[@data-testid="senha"]</arg>
<arg>${VALID_PASS}</arg>
<doc>Types the given password into the text field identified by ``locator``.</doc>
<status status="PASS" start="2026-04-07T21:51:44.601188" elapsed="0.087900"/>
</kw>
<kw name="Click Button" owner="SeleniumLibrary">
<msg time="2026-04-07T21:51:44.689809" level="INFO">Clicking button 'xpath=//button[@data-testid="entrar"]'.</msg>
<arg>xpath=//button[@data-testid="entrar"]</arg>
<doc>Clicks the button identified by ``locator``.</doc>
<status status="PASS" start="2026-04-07T21:51:44.689381" elapsed="0.075557"/>
</kw>
<kw name="Wait Until Page Contains" owner="SeleniumLibrary">
<arg>Home</arg>
<arg>timeout=10s</arg>
<doc>Waits until ``text`` appears on the current page.</doc>
<status status="PASS" start="2026-04-07T21:51:44.765201" elapsed="1.300795"/>
</kw>
<status status="PASS" start="2026-04-07T21:51:44.415664" elapsed="1.650644"/>
</kw>
<kw name="Page Should Contain" owner="SeleniumLibrary">
<msg time="2026-04-07T21:51:46.078888" level="INFO">Current page contains text 'Home'.</msg>
<arg>Home</arg>
<doc>Verifies that current page contains ``text``.</doc>
<status status="PASS" start="2026-04-07T21:51:46.066798" elapsed="0.012249"/>
</kw>
<kw name="Validar elementos do menu superior" owner="keywords">
<kw name="Element Should Be Visible" owner="SeleniumLibrary">
<msg time="2026-04-07T21:51:46.103126" level="INFO">Element 'xpath=//a[@data-testid="home"]' is displayed.</msg>
<arg>xpath=//a[@data-testid="home"]</arg>
<doc>Verifies that the element identified by ``locator`` is visible.</doc>
<status status="PASS" start="2026-04-07T21:51:46.081242" elapsed="0.022020"/>
</kw>
<kw name="Element Should Be Visible" owner="SeleniumLibrary">
<msg time="2026-04-07T21:51:46.118192" level="INFO">Element 'xpath=//a[@data-testid="lista-de-compras"]' is displayed.</msg>
<arg>xpath=//a[@data-testid="lista-de-compras"]</arg>
<doc>Verifies that the element identified by ``locator`` is visible.</doc>
<status status="PASS" start="2026-04-07T21:51:46.103488" elapsed="0.014830"/>
</kw>
<kw name="Element Should Be Visible" owner="SeleniumLibrary">
<msg time="2026-04-07T21:51:46.131631" level="INFO">Element 'xpath=//a[@data-testid="carrinho"]' is displayed.</msg>
<arg>xpath=//a[@data-testid="carrinho"]</arg>
<doc>Verifies that the element identified by ``locator`` is visible.</doc>
<status status="PASS" start="2026-04-07T21:51:46.118549" elapsed="0.013208"/>
</kw>
<status status="PASS" start="2026-04-07T21:51:46.080039" elapsed="0.051853"/>
</kw>
<kw name="Adicionar item à lista de compras" owner="keywords">
<kw name="Wait Until Page Contains Element" owner="SeleniumLibrary">
<arg>xpath=//input[@data-testid="pesquisar"]</arg>
<arg>timeout=10s</arg>
<doc>Waits until the element ``locator`` appears on the current page.</doc>
<status status="PASS" start="2026-04-07T21:51:46.132875" elapsed="0.009075"/>
</kw>
<kw name="Input Text" owner="SeleniumLibrary">
<msg time="2026-04-07T21:51:46.142460" level="INFO">Typing text 'Logitech MX Vertical' into text field 'xpath=//input[@data-testid="pesquisar"]'.</msg>
<arg>xpath=//input[@data-testid="pesquisar"]</arg>
<arg>Logitech MX Vertical</arg>
<doc>Types the given ``text`` into the text field identified by ``locator``.</doc>
<status status="PASS" start="2026-04-07T21:51:46.142186" elapsed="0.120521"/>
</kw>
<kw name="Click Button" owner="SeleniumLibrary">
<msg time="2026-04-07T21:51:46.263304" level="INFO">Clicking button 'xpath=//button[@data-testid="botaoPesquisar"]'.</msg>
<arg>xpath=//button[@data-testid="botaoPesquisar"]</arg>
<doc>Clicks the button identified by ``locator``.</doc>
<status status="PASS" start="2026-04-07T21:51:46.262992" elapsed="0.101187"/>
</kw>
<kw name="Wait Until Page Contains Element" owner="SeleniumLibrary">
<arg>xpath=//button[@data-testid="adicionarNaLista"]</arg>
<arg>timeout=10s</arg>
<doc>Waits until the element ``locator`` appears on the current page.</doc>
<status status="PASS" start="2026-04-07T21:51:46.364443" elapsed="0.224396"/>
</kw>
<kw name="Scroll Element Into View" owner="SeleniumLibrary">
<arg>xpath=(//button[@data-testid="adicionarNaLista"])[1]</arg>
<doc>Scrolls the element identified by ``locator`` into view.</doc>
<status status="PASS" start="2026-04-07T21:51:46.589271" elapsed="0.281932"/>
</kw>
<kw name="Click Button" owner="SeleniumLibrary">
<msg time="2026-04-07T21:51:46.871840" level="INFO">Clicking button 'xpath=(//button[@data-testid="adicionarNaLista"])[1]'.</msg>
<arg>xpath=(//button[@data-testid="adicionarNaLista"])[1]</arg>
<doc>Clicks the button identified by ``locator``.</doc>
<status status="PASS" start="2026-04-07T21:51:46.871508" elapsed="0.060545"/>
</kw>
<kw name="Wait Until Page Contains Element" owner="SeleniumLibrary">
<arg>xpath=//div[@data-testid="shopping-cart-product-name"]</arg>
<arg>timeout=10s</arg>
<doc>Waits until the element ``locator`` appears on the current page.</doc>
<status status="PASS" start="2026-04-07T21:51:46.932352" elapsed="0.008873"/>
</kw>
<status status="PASS" start="2026-04-07T21:51:46.132450" elapsed="0.808931"/>
</kw>
<kw name="Validar produto na lista" owner="keywords">
<kw name="Element Should Contain" owner="SeleniumLibrary">
<msg time="2026-04-07T21:51:46.958184" level="INFO">Element 'xpath=//div[@data-testid="shopping-cart-product-name"]' contains text 'Logitech MX Vertical'.</msg>
<arg>xpath=//div[@data-testid="shopping-cart-product-name"]</arg>
<arg>${PRODUTO_NOME}</arg>
<doc>Verifies that element ``locator`` contains text ``expected``.</doc>
<status status="PASS" start="2026-04-07T21:51:46.942053" elapsed="0.016254"/>
</kw>
<status status="PASS" start="2026-04-07T21:51:46.941672" elapsed="0.016770"/>
</kw>
<kw name="Limpar lista de compras" owner="keywords">
<kw name="Click Button" owner="SeleniumLibrary">
<msg time="2026-04-07T21:51:46.959395" level="INFO">Clicking button 'xpath=//button[@data-testid="limparLista"]'.</msg>
<arg>xpath=//button[@data-testid="limparLista"]</arg>
<doc>Clicks the button identified by ``locator``.</doc>
<status status="PASS" start="2026-04-07T21:51:46.959171" elapsed="0.053058"/>
</kw>
<status status="PASS" start="2026-04-07T21:51:46.958818" elapsed="0.053666"/>
</kw>
<kw name="Validar carrinho vazio" owner="keywords">
<kw name="Wait Until Page Contains Element" owner="SeleniumLibrary">
<arg>xpath=//p[@data-testid="shopping-cart-empty-message"]</arg>
<arg>timeout=10s</arg>
<doc>Waits until the element ``locator`` appears on the current page.</doc>
<status status="PASS" start="2026-04-07T21:51:47.013413" elapsed="0.009421"/>
</kw>
<kw name="Element Should Contain" owner="SeleniumLibrary">
<msg time="2026-04-07T21:51:47.034806" level="INFO">Element 'xpath=//p[@data-testid="shopping-cart-empty-message"]' contains text 'Seu carrinho está vazio'.</msg>
<arg>xpath=//p[@data-testid="shopping-cart-empty-message"]</arg>
<arg>Seu carrinho está vazio</arg>
<doc>Verifies that element ``locator`` contains text ``expected``.</doc>
<status status="PASS" start="2026-04-07T21:51:47.023070" elapsed="0.011864"/>
</kw>
<status status="PASS" start="2026-04-07T21:51:47.012936" elapsed="0.022137"/>
</kw>
<kw name="Fazer logout" owner="keywords">
<kw name="Click Button" owner="SeleniumLibrary">
<msg time="2026-04-07T21:51:47.035938" level="INFO">Clicking button 'xpath=//button[@data-testid="logout"]'.</msg>
<arg>xpath=//button[@data-testid="logout"]</arg>
<doc>Clicks the button identified by ``locator``.</doc>
<status status="PASS" start="2026-04-07T21:51:47.035708" elapsed="0.057591"/>
</kw>
<status status="PASS" start="2026-04-07T21:51:47.035355" elapsed="0.058188"/>
</kw>
<kw name="Validar retorno à tela de login" owner="keywords">
<kw name="Wait Until Page Contains Element" owner="SeleniumLibrary">
<arg>xpath=//h1[contains(text(), 'Login')]</arg>
<arg>timeout=10s</arg>
<doc>Waits until the element ``locator`` appears on the current page.</doc>
<status status="PASS" start="2026-04-07T21:51:47.094671" elapsed="0.008749"/>
</kw>
<kw name="Element Should Contain" owner="SeleniumLibrary">
<msg time="2026-04-07T21:51:47.117606" level="INFO">Element 'xpath=//h1[contains(@class, 'font-robot')]' contains text 'Login'.</msg>
<arg>xpath=//h1[contains(@class, 'font-robot')]</arg>
<arg>Login</arg>
<doc>Verifies that element ``locator`` contains text ``expected``.</doc>
<status status="PASS" start="2026-04-07T21:51:47.103657" elapsed="0.014074"/>
</kw>
<status status="PASS" start="2026-04-07T21:51:47.094154" elapsed="0.023713"/>
</kw>
<kw name="Fechar o navegador" owner="keywords">
<kw name="Close Browser" owner="SeleniumLibrary">
<doc>Closes the current browser.</doc>
<status status="PASS" start="2026-04-07T21:51:47.118499" elapsed="0.142043"/>
</kw>
<status status="PASS" start="2026-04-07T21:51:47.118145" elapsed="0.142674"/>
</kw>
<status status="PASS" start="2026-04-07T21:51:40.296538" elapsed="6.964576"/>
</test>
<doc>Testes no Serverest - Login, busca, carrinho, logout</doc>
<status status="PASS" start="2026-04-07T21:51:39.862787" elapsed="7.398994"/>
</suite>
<statistics>
<total>
<stat pass="1" fail="0" skip="0">All Tests</stat>
</total>
<tag>
</tag>
<suite>
<stat name="Login Tests" id="s1" pass="1" fail="0" skip="0">Login Tests</stat>
</suite>
</statistics>
<errors>
</errors>
</robot>
